<?xml version="1.0" encoding="UTF-8"?>
<!-- Generated by org.testng.reporters.JUnitReportReporter -->
<testsuite hostname="RATAN" failures="0" tests="1" name="seleniumProject01CreateUserAccount01.UserAccount" time="3.990" errors="0" timestamp="2022-03-23T15:44:56 EDT" skipped="0">
  <testcase classname="seleniumProject01CreateUserAccount01.UserAccount" name="CreateUser" time="3.990"/>
  <system-out/>
</testsuite> <!-- seleniumProject01CreateUserAccount01.UserAccount -->
