<?xml version="1.0" encoding="UTF-8"?>
<!-- Generated by org.testng.reporters.JUnitReportReporter -->
<testsuite hostname="RATAN" failures="0" tests="1" name="seleniumProject01CreateUserAccount01.UserAccount" time="5.565" errors="0" timestamp="2022-03-24T12:17:32 EDT" skipped="0">
  <testcase classname="seleniumProject01CreateUserAccount01.UserAccount" name="CreateUser" time="5.565"/>
  <system-out/>
</testsuite> <!-- seleniumProject01CreateUserAccount01.UserAccount -->
