<?xml version="1.0" encoding="UTF-8"?>
<!-- Generated by org.testng.reporters.JUnitReportReporter -->
<testsuite hostname="RATAN" failures="0" tests="1" name="seleniumProject01CreateUserAccount01.UserAccount" time="4.466" errors="0" timestamp="2022-03-23T19:19:43 EDT" skipped="0">
  <testcase classname="seleniumProject01CreateUserAccount01.UserAccount" name="CreateUser" time="4.466"/>
  <system-out/>
</testsuite> <!-- seleniumProject01CreateUserAccount01.UserAccount -->
